<?xml version="1.0" encoding="UTF-8"?>
<!-- Generated by org.testng.reporters.JUnitXMLReporter -->
<testsuite hostname="R9024795" ignored="0" name="Command line test" tests="3" failures="0" timestamp="03 Apr 2017 19:07:37 GMT" time="100.412" errors="0">
  <testcase name="login" time="9.451" classname="StewartSeedTestCase1.mainTestCase"/>
  <testcase name="navigatingTabs" time="80.813" classname="StewartSeedTestCase1.mainTestCase"/>
  <testcase name="logoff" time="0.46" classname="StewartSeedTestCase1.mainTestCase"/>
</testsuite> <!-- Command line test -->
