<?xml version="1.0" encoding="UTF-8" ?>
<testsuite tests="4" failures="0" name="TestSuite" time="93.526" errors="0" skipped="0">
  <properties>
[...]
</properties>
  <testcase classname="StewartSeedTestCase1.mainTestCase" name="login" time="9.454"/>
  <testcase classname="StewartSeedTestCase1.mainTestCase" name="navigatingTabs" time="80.818"/>
  <testcase classname="StewartSeedTestCase1.mainTestCase" name="logoff" time="0.464"/>
  <testcase classname="com.Vision.testcase_StewartSeed.AppTest" name="testApp on testApp(com.Vision.testcase_StewartSeed.AppTest)" time="2.79"/>
</testsuite>